
==================================================
ПРОБЛЕМА КАЧЕСТВА ДАННЫХ
Оценка: 5/10
Проблемы: Слишком короткий ответ (менее 50 символов), Отсутствуют технические термины, Отсутствуют числовые данные
Вопрос: Какие бывают типы штоков?
Ответ: Штоки бывают стоячие, косые и лежачие.

==================================================
ПРОБЛЕМА КАЧЕСТВА ДАННЫХ
Оценка: 6/10
Проблемы: Слишком много повторений в ответе, Отсутствуют технические термины, Отсутствуют числовые данные
Вопрос: Какие бывают границы шахтного поля?
Ответ: Верхнюю границу поля называют границей шахтного поля по восстанию, нижнюю – границей шахтного поля по падению, боковые границы – границами по простиранию.

==================================================
ПРОБЛЕМА КАЧЕСТВА ДАННЫХ
Оценка: 6/10
Проблемы: Слишком много повторений в ответе, Отсутствуют технические термины, Отсутствуют числовые данные
Вопрос: Какие технологические схемы выемки угля очистным комбайном существуют?
Ответ: Существуют следующие технологические схемы выемки угля очистным комбайном: односторонняя выемка с холостым перегоном, двухсторонняя выемка без холостого перегона, двухкомбайновая выемка с холостым перегоном, двухсторонняя двухкомбайновая выемка без холостых перегонов, селективная выемка по односторонней схеме и селективная выемка по двухсторонней схеме.

==================================================
ПРОБЛЕМА КАЧЕСТВА ДАННЫХ
Оценка: 6/10
Проблемы: Слишком короткий ответ (менее 50 символов), Отсутствуют технические термины
Вопрос: Какой диаметр имеют скважины при использовании шарошек, армированных твёрдыми сплавами?
Ответ: Диаметр скважин составляет 150 мм и более.

==================================================
ПРОБЛЕМА КАЧЕСТВА ДАННЫХ
Оценка: 6/10
Проблемы: Слишком короткий ответ (менее 50 символов), Отсутствуют технические термины
Вопрос: Какова длина пневмоударника АШ45?
Ответ: Длина пневмоударника АШ45 составляет 737 мм.

==================================================
ПРОБЛЕМА КАЧЕСТВА ДАННЫХ
Оценка: 6/10
Проблемы: Слишком много повторений в ответе, Отсутствуют технические термины, Отсутствуют числовые данные
Вопрос: Как классифицируются очистные комбайны по условиям взаимосвязи с конвейером?
Ответ: По условиям взаимосвязи с конвейером очистные комбайны могут быть: расположены рядом с конвейером и не связаны жёстко с ним; расположены рядом с конвейером и жёстко связаны с ним; расположены над конвейером и жёстко связаны с ним.

==================================================
ПРОБЛЕМА КАЧЕСТВА ДАННЫХ
Оценка: 6/10
Проблемы: Слишком много повторений в ответе, Отсутствуют технические термины, Отсутствуют числовые данные
Вопрос: Какие типы расположения электродвигателей привода исполнительного органа бывают у очистных комбайнов?
Ответ: По расположению электродвигателей привода исполнительного органа очистные комбайны делятся на: продольное в неподвижной части комбайна; продольное в подвижной части комбайна; поперечное в неподвижной части комбайна; поперечное в подвижной части комбайна.
